This is pdfTeX, Version 3.141592653-2.6-1.40.29 (MiKTeX 26.1) (preloaded format=pdflatex 2026.5.11)  13 MAY 2026 18:47
entering extended mode
 restricted \write18 enabled.
 %&-line parsing enabled.
**./Manuscrit/manuscrit.tex
(Manuscrit/manuscrit.tex
LaTeX2e <2025-11-01>
L3 programming layer <2026-01-19>
(C:\Users\Clement\AppData\Local\Programs\MiKTeX\tex/latex/base\book.cls
Document Class: book 2025/01/22 v1.4n Standard LaTeX document class
(C:\Users\Clement\AppData\Local\Programs\MiKTeX\tex/latex/base\bk11.clo
File: bk11.clo 2025/01/22 v1.4n Standard LaTeX file (size option)
)
\c@part=\count275
\c@chapter=\count276
\c@section=\count277
\c@subsection=\count278
\c@subsubsection=\count279
\c@paragraph=\count280
\c@subparagraph=\count281
\c@figure=\count282
\c@table=\count283
\abovecaptionskip=\skip49
\belowcaptionskip=\skip50
\bibindent=\dimen148
)

! LaTeX Error: File `formatEPISENManuscrit.tex' not found.

Type X to quit or <RETURN> to proceed,
or enter new name. (Default extension: tex)

Enter file name: 
! Emergency stop.
<read *> 
         
l.4 \input{formatEPISENManuscrit}
                                 ^^M
End of file on the terminal!

 
Here is how much of TeX's memory you used:
 267 strings out of 467866
 3321 string characters out of 5417357
 433759 words of memory out of 5000000
 29242 multiletter control sequences out of 15000+600000
 628021 words of font info for 41 fonts, out of 8000000 for 9000
 1141 hyphenation exceptions out of 8191
 35i,0n,38p,136b,36s stack positions out of 10000i,1000n,20000p,200000b,200000s
!  ==> Fatal error occurred, no output PDF file produced!
